<?xml version="1.0" encoding="UTF-8"?>
<testng-results skipped="0" failed="0" ignored="0" total="1" passed="1">
  <reporter-output>
  </reporter-output>
  <suite name="Default suite" duration-ms="83209" started-at="2019-01-21T09:01:00Z" finished-at="2019-01-21T09:02:24Z">
    <groups>
    </groups>
    <test name="Default test" duration-ms="83209" started-at="2019-01-21T09:01:00Z" finished-at="2019-01-21T09:02:24Z">
      <class name="farmrise.WeatherReport_month">
        <test-method status="PASS" signature="launchapp()[pri:0, instance:farmrise.WeatherReport_month@42e26948]" name="launchapp" is-config="true" duration-ms="10380" started-at="2019-01-21T09:01:00Z" finished-at="2019-01-21T09:01:11Z">
          <reporter-output>
          </reporter-output>
        </test-method> <!-- launchapp -->
        <test-method status="PASS" signature="fetch_weatherData()[pri:0, instance:farmrise.WeatherReport_month@42e26948]" name="fetch_weatherData" duration-ms="72559" started-at="2019-01-21T09:01:11Z" finished-at="2019-01-21T09:02:23Z">
          <reporter-output>
          </reporter-output>
        </test-method> <!-- fetch_weatherData -->
        <test-method status="PASS" signature="closeapp()[pri:0, instance:farmrise.WeatherReport_month@42e26948]" name="closeapp" is-config="true" duration-ms="257" started-at="2019-01-21T09:02:23Z" finished-at="2019-01-21T09:02:24Z">
          <reporter-output>
          </reporter-output>
        </test-method> <!-- closeapp -->
      </class> <!-- farmrise.WeatherReport_month -->
    </test> <!-- Default test -->
  </suite> <!-- Default suite -->
</testng-results>
